2024-10-11 13:40:58,439 - INFO - Logging configurado para: data_processing.
2024-10-11 13:40:58,439 - INFO - Comecando Aplicacao ...
2024-10-11 13:40:58,455 - INFO - Iniciando a validação de todos os arquivos tratados...
2024-10-11 13:40:58,455 - INFO - Validando arquivo tratado: data/treatment\bcb_data_cambio_bcb.csv
2024-10-11 13:40:58,457 - INFO - Arquivo CSV carregado com sucesso.
2024-10-11 13:40:58,479 - INFO - Validação concluída com sucesso para o arquivo: data/treatment\bcb_data_cambio_bcb.csv
2024-10-11 13:40:58,480 - INFO - Validando arquivo tratado: data/treatment\bcb_data_commodities_bcb_agropecuaria_em_real.csv
2024-10-11 13:40:58,503 - INFO - Arquivo CSV carregado com sucesso.
2024-10-11 13:40:58,519 - INFO - Validação concluída com sucesso para o arquivo: data/treatment\bcb_data_commodities_bcb_agropecuaria_em_real.csv
2024-10-11 13:40:58,521 - INFO - Validando arquivo tratado: data/treatment\bcb_data_commodities_bcb_composto_em_real.csv
2024-10-11 13:40:58,534 - INFO - Arquivo CSV carregado com sucesso.
2024-10-11 13:40:58,554 - INFO - Validação concluída com sucesso para o arquivo: data/treatment\bcb_data_commodities_bcb_composto_em_real.csv
2024-10-11 13:40:58,555 - INFO - Validando arquivo tratado: data/treatment\bcb_data_commodities_bcb_energia_em_real.csv
2024-10-11 13:40:58,576 - INFO - Arquivo CSV carregado com sucesso.
2024-10-11 13:40:58,593 - INFO - Validação concluída com sucesso para o arquivo: data/treatment\bcb_data_commodities_bcb_energia_em_real.csv
2024-10-11 13:40:58,594 - INFO - Validando arquivo tratado: data/treatment\bcb_data_commodities_bcb_metal_em_real.csv
2024-10-11 13:40:58,612 - INFO - Arquivo CSV carregado com sucesso.
2024-10-11 13:40:58,627 - INFO - Validação concluída com sucesso para o arquivo: data/treatment\bcb_data_commodities_bcb_metal_em_real.csv
2024-10-11 13:40:58,627 - INFO - Validando arquivo tratado: data/treatment\bcb_data_core_cpi_bcb.csv
2024-10-11 13:40:58,642 - INFO - Arquivo CSV carregado com sucesso.
2024-10-11 13:40:58,660 - INFO - Validação concluída com sucesso para o arquivo: data/treatment\bcb_data_core_cpi_bcb.csv
2024-10-11 13:40:58,660 - INFO - Validando arquivo tratado: data/treatment\bcb_data_fx_buy_bcb.csv
2024-10-11 13:40:58,678 - INFO - Arquivo CSV carregado com sucesso.
2024-10-11 13:40:58,692 - INFO - Validação concluída com sucesso para o arquivo: data/treatment\bcb_data_fx_buy_bcb.csv
2024-10-11 13:40:58,693 - INFO - Validando arquivo tratado: data/treatment\bcb_data_fx_sell_bcb.csv
2024-10-11 13:40:58,706 - INFO - Arquivo CSV carregado com sucesso.
2024-10-11 13:40:58,729 - INFO - Validação concluída com sucesso para o arquivo: data/treatment\bcb_data_fx_sell_bcb.csv
2024-10-11 13:40:58,730 - INFO - Validando arquivo tratado: data/treatment\bcb_data_gdp_bcb.csv
2024-10-11 13:40:58,753 - INFO - Arquivo CSV carregado com sucesso.
2024-10-11 13:40:58,825 - INFO - Validação concluída com sucesso para o arquivo: data/treatment\bcb_data_gdp_bcb.csv
2024-10-11 13:40:58,825 - INFO - Validando arquivo tratado: data/treatment\bcb_data_ipca_bcb.csv
2024-10-11 13:40:58,852 - INFO - Arquivo CSV carregado com sucesso.
2024-10-11 13:40:58,869 - INFO - Validação concluída com sucesso para o arquivo: data/treatment\bcb_data_ipca_bcb.csv
2024-10-11 13:40:58,870 - INFO - Validando arquivo tratado: data/treatment\bcb_data_selic_bcb.csv
2024-10-11 13:40:58,883 - INFO - Arquivo CSV carregado com sucesso.
2024-10-11 13:40:58,895 - INFO - Validação concluída com sucesso para o arquivo: data/treatment\bcb_data_selic_bcb.csv
2024-10-11 13:40:58,896 - INFO - Validando arquivo tratado: data/treatment\bcb_data_unemployment_bcb.csv
2024-10-11 13:40:58,909 - INFO - Arquivo CSV carregado com sucesso.
2024-10-11 13:40:58,919 - INFO - Validação concluída com sucesso para o arquivo: data/treatment\bcb_data_unemployment_bcb.csv
2024-10-11 13:40:58,919 - INFO - Validando arquivo tratado: data/treatment\ipeadata_pib_series.csv
2024-10-11 13:40:58,935 - INFO - Arquivo CSV carregado com sucesso.
2024-10-11 13:40:58,948 - INFO - Validação concluída com sucesso para o arquivo: data/treatment\ipeadata_pib_series.csv
2024-10-11 13:40:58,949 - INFO - Validando arquivo tratado: data/treatment\yahoo_finance_BRL=X.csv
2024-10-11 13:40:58,962 - INFO - Arquivo CSV carregado com sucesso.
2024-10-11 13:40:58,971 - INFO - Validação concluída com sucesso para o arquivo: data/treatment\yahoo_finance_BRL=X.csv
2024-10-11 13:40:58,972 - INFO - Validando arquivo tratado: data/treatment\yahoo_finance_CL=F.csv
2024-10-11 13:40:58,986 - INFO - Arquivo CSV carregado com sucesso.
2024-10-11 13:40:59,003 - INFO - Validação concluída com sucesso para o arquivo: data/treatment\yahoo_finance_CL=F.csv
2024-10-11 13:40:59,004 - INFO - Validando arquivo tratado: data/treatment\yahoo_finance_CPI.csv
2024-10-11 13:40:59,013 - INFO - Arquivo CSV carregado com sucesso.
2024-10-11 13:40:59,023 - INFO - Validação concluída com sucesso para o arquivo: data/treatment\yahoo_finance_CPI.csv
2024-10-11 13:40:59,024 - INFO - Validando arquivo tratado: data/treatment\yahoo_finance_GC=F.csv
2024-10-11 13:40:59,036 - INFO - Arquivo CSV carregado com sucesso.
2024-10-11 13:40:59,049 - INFO - Validação concluída com sucesso para o arquivo: data/treatment\yahoo_finance_GC=F.csv
2024-10-11 13:40:59,050 - INFO - Validando arquivo tratado: data/treatment\yahoo_finance_HG=F.csv
2024-10-11 13:40:59,063 - INFO - Arquivo CSV carregado com sucesso.
2024-10-11 13:40:59,077 - INFO - Validação concluída com sucesso para o arquivo: data/treatment\yahoo_finance_HG=F.csv
2024-10-11 13:40:59,078 - INFO - Validando arquivo tratado: data/treatment\yahoo_finance_KC=F.csv
2024-10-11 13:40:59,093 - INFO - Arquivo CSV carregado com sucesso.
2024-10-11 13:40:59,109 - INFO - Validação concluída com sucesso para o arquivo: data/treatment\yahoo_finance_KC=F.csv
2024-10-11 13:40:59,110 - INFO - Validando arquivo tratado: data/treatment\yahoo_finance_NG=F.csv
2024-10-11 13:40:59,124 - INFO - Arquivo CSV carregado com sucesso.
2024-10-11 13:40:59,136 - INFO - Validação concluída com sucesso para o arquivo: data/treatment\yahoo_finance_NG=F.csv
2024-10-11 13:40:59,137 - INFO - Validando arquivo tratado: data/treatment\yahoo_finance_ZC=F.csv
2024-10-11 13:40:59,149 - INFO - Arquivo CSV carregado com sucesso.
2024-10-11 13:40:59,161 - INFO - Validação concluída com sucesso para o arquivo: data/treatment\yahoo_finance_ZC=F.csv
2024-10-11 13:40:59,162 - INFO - Validando arquivo tratado: data/treatment\yahoo_finance_ZS=F.csv
2024-10-11 13:40:59,172 - INFO - Arquivo CSV carregado com sucesso.
2024-10-11 13:40:59,184 - INFO - Validação concluída com sucesso para o arquivo: data/treatment\yahoo_finance_ZS=F.csv
2024-10-11 13:40:59,185 - INFO - Validando arquivo tratado: data/treatment\yahoo_finance_ZW=F.csv
2024-10-11 13:40:59,198 - INFO - Arquivo CSV carregado com sucesso.
2024-10-11 13:40:59,212 - INFO - Validação concluída com sucesso para o arquivo: data/treatment\yahoo_finance_ZW=F.csv
2024-10-11 13:40:59,213 - INFO - Validando arquivo tratado: data/treatment\yahoo_finance_^BVSP.csv
2024-10-11 13:40:59,229 - INFO - Arquivo CSV carregado com sucesso.
2024-10-11 13:40:59,243 - INFO - Validação concluída com sucesso para o arquivo: data/treatment\yahoo_finance_^BVSP.csv
2024-10-11 13:40:59,243 - INFO - Validando arquivo tratado: data/treatment\yahoo_finance_^GSPC.csv
2024-10-11 13:40:59,262 - INFO - Arquivo CSV carregado com sucesso.
2024-10-11 13:40:59,274 - INFO - Validação concluída com sucesso para o arquivo: data/treatment\yahoo_finance_^GSPC.csv
2024-10-11 13:40:59,276 - INFO - Validando arquivo tratado: data/treatment\yahoo_finance_^TNX.csv
2024-10-11 13:40:59,287 - INFO - Arquivo CSV carregado com sucesso.
2024-10-11 13:40:59,300 - INFO - Validação concluída com sucesso para o arquivo: data/treatment\yahoo_finance_^TNX.csv
2024-10-11 13:40:59,301 - INFO - Validação concluída para todos os arquivos tratados.
2024-10-11 13:40:59,301 - INFO - Aplicacao rodou com Sucesso.
