2024-10-11 13:38:05,640 - INFO - Logging configurado para: data_processing.
2024-10-11 13:38:05,640 - INFO - Comecando Aplicacao ...
2024-10-11 13:38:05,641 - INFO - Iniciando a validação de todos os arquivos tratados...
2024-10-11 13:38:05,643 - INFO - Validando arquivo tratado: data/treatment\bcb_data_cambio_bcb.csv
2024-10-11 13:38:05,663 - INFO - Arquivo CSV carregado com sucesso.
2024-10-11 13:38:05,692 - INFO - Validação concluída com sucesso para o arquivo: data/treatment\bcb_data_cambio_bcb.csv
2024-10-11 13:38:05,692 - INFO - Validando arquivo tratado: data/treatment\bcb_data_commodities_bcb_agropecuaria_em_real.csv
2024-10-11 13:38:05,714 - INFO - Arquivo CSV carregado com sucesso.
2024-10-11 13:38:05,731 - INFO - Validação concluída com sucesso para o arquivo: data/treatment\bcb_data_commodities_bcb_agropecuaria_em_real.csv
2024-10-11 13:38:05,731 - INFO - Validando arquivo tratado: data/treatment\bcb_data_commodities_bcb_composto_em_real.csv
2024-10-11 13:38:05,762 - INFO - Arquivo CSV carregado com sucesso.
2024-10-11 13:38:05,779 - INFO - Validação concluída com sucesso para o arquivo: data/treatment\bcb_data_commodities_bcb_composto_em_real.csv
2024-10-11 13:38:05,781 - INFO - Validando arquivo tratado: data/treatment\bcb_data_commodities_bcb_energia_em_real.csv
2024-10-11 13:38:05,799 - INFO - Arquivo CSV carregado com sucesso.
2024-10-11 13:38:05,816 - INFO - Validação concluída com sucesso para o arquivo: data/treatment\bcb_data_commodities_bcb_energia_em_real.csv
2024-10-11 13:38:05,817 - INFO - Validando arquivo tratado: data/treatment\bcb_data_commodities_bcb_metal_em_real.csv
2024-10-11 13:38:05,835 - INFO - Arquivo CSV carregado com sucesso.
2024-10-11 13:38:05,852 - INFO - Validação concluída com sucesso para o arquivo: data/treatment\bcb_data_commodities_bcb_metal_em_real.csv
2024-10-11 13:38:05,853 - INFO - Validando arquivo tratado: data/treatment\bcb_data_core_cpi_bcb.csv
2024-10-11 13:38:05,878 - INFO - Arquivo CSV carregado com sucesso.
2024-10-11 13:38:05,903 - INFO - Validação concluída com sucesso para o arquivo: data/treatment\bcb_data_core_cpi_bcb.csv
2024-10-11 13:38:05,904 - INFO - Validando arquivo tratado: data/treatment\bcb_data_fx_buy_bcb.csv
2024-10-11 13:38:05,925 - INFO - Arquivo CSV carregado com sucesso.
2024-10-11 13:38:05,934 - INFO - Validação concluída com sucesso para o arquivo: data/treatment\bcb_data_fx_buy_bcb.csv
2024-10-11 13:38:05,945 - INFO - Validando arquivo tratado: data/treatment\bcb_data_fx_sell_bcb.csv
2024-10-11 13:38:05,969 - INFO - Arquivo CSV carregado com sucesso.
2024-10-11 13:38:05,982 - INFO - Validação concluída com sucesso para o arquivo: data/treatment\bcb_data_fx_sell_bcb.csv
2024-10-11 13:38:05,993 - INFO - Validando arquivo tratado: data/treatment\bcb_data_gdp_bcb.csv
2024-10-11 13:38:06,034 - INFO - Arquivo CSV carregado com sucesso.
2024-10-11 13:38:06,058 - INFO - Validação concluída com sucesso para o arquivo: data/treatment\bcb_data_gdp_bcb.csv
2024-10-11 13:38:06,059 - INFO - Validando arquivo tratado: data/treatment\bcb_data_ipca_bcb.csv
2024-10-11 13:38:06,077 - INFO - Arquivo CSV carregado com sucesso.
2024-10-11 13:38:06,102 - INFO - Validação concluída com sucesso para o arquivo: data/treatment\bcb_data_ipca_bcb.csv
2024-10-11 13:38:06,103 - INFO - Validando arquivo tratado: data/treatment\bcb_data_selic_bcb.csv
2024-10-11 13:38:06,134 - INFO - Arquivo CSV carregado com sucesso.
2024-10-11 13:38:06,151 - INFO - Validação concluída com sucesso para o arquivo: data/treatment\bcb_data_selic_bcb.csv
2024-10-11 13:38:06,151 - INFO - Validando arquivo tratado: data/treatment\bcb_data_unemployment_bcb.csv
2024-10-11 13:38:06,165 - INFO - Arquivo CSV carregado com sucesso.
2024-10-11 13:38:06,181 - INFO - Validação concluída com sucesso para o arquivo: data/treatment\bcb_data_unemployment_bcb.csv
2024-10-11 13:38:06,181 - INFO - Validando arquivo tratado: data/treatment\ipeadata_pib_series.csv
2024-10-11 13:38:06,222 - INFO - Arquivo CSV carregado com sucesso.
2024-10-11 13:38:06,279 - INFO - Validação concluída com sucesso para o arquivo: data/treatment\ipeadata_pib_series.csv
2024-10-11 13:38:06,300 - INFO - Validando arquivo tratado: data/treatment\yahoo_finance_BRL=X.csv
2024-10-11 13:38:06,344 - INFO - Arquivo CSV carregado com sucesso.
2024-10-11 13:38:06,360 - INFO - Validação concluída com sucesso para o arquivo: data/treatment\yahoo_finance_BRL=X.csv
2024-10-11 13:38:06,361 - INFO - Validando arquivo tratado: data/treatment\yahoo_finance_CL=F.csv
2024-10-11 13:38:06,441 - INFO - Arquivo CSV carregado com sucesso.
2024-10-11 13:38:06,454 - INFO - Validação concluída com sucesso para o arquivo: data/treatment\yahoo_finance_CL=F.csv
2024-10-11 13:38:06,455 - INFO - Validando arquivo tratado: data/treatment\yahoo_finance_CPI.csv
2024-10-11 13:38:06,494 - INFO - Arquivo CSV carregado com sucesso.
2024-10-11 13:38:06,506 - INFO - Validação concluída com sucesso para o arquivo: data/treatment\yahoo_finance_CPI.csv
2024-10-11 13:38:06,506 - INFO - Validando arquivo tratado: data/treatment\yahoo_finance_GC=F.csv
2024-10-11 13:38:06,580 - INFO - Arquivo CSV carregado com sucesso.
2024-10-11 13:38:06,592 - INFO - Validação concluída com sucesso para o arquivo: data/treatment\yahoo_finance_GC=F.csv
2024-10-11 13:38:06,593 - INFO - Validando arquivo tratado: data/treatment\yahoo_finance_HG=F.csv
2024-10-11 13:38:06,608 - INFO - Arquivo CSV carregado com sucesso.
2024-10-11 13:38:06,623 - INFO - Validação concluída com sucesso para o arquivo: data/treatment\yahoo_finance_HG=F.csv
2024-10-11 13:38:06,624 - INFO - Validando arquivo tratado: data/treatment\yahoo_finance_KC=F.csv
2024-10-11 13:38:06,690 - INFO - Arquivo CSV carregado com sucesso.
2024-10-11 13:38:06,704 - INFO - Validação concluída com sucesso para o arquivo: data/treatment\yahoo_finance_KC=F.csv
2024-10-11 13:38:06,705 - INFO - Validando arquivo tratado: data/treatment\yahoo_finance_NG=F.csv
2024-10-11 13:38:06,740 - INFO - Arquivo CSV carregado com sucesso.
2024-10-11 13:38:06,753 - INFO - Validação concluída com sucesso para o arquivo: data/treatment\yahoo_finance_NG=F.csv
2024-10-11 13:38:06,754 - INFO - Validando arquivo tratado: data/treatment\yahoo_finance_ZC=F.csv
2024-10-11 13:38:06,792 - INFO - Arquivo CSV carregado com sucesso.
2024-10-11 13:38:06,809 - INFO - Validação concluída com sucesso para o arquivo: data/treatment\yahoo_finance_ZC=F.csv
2024-10-11 13:38:06,811 - INFO - Validando arquivo tratado: data/treatment\yahoo_finance_ZS=F.csv
2024-10-11 13:38:06,872 - INFO - Arquivo CSV carregado com sucesso.
2024-10-11 13:38:06,888 - INFO - Validação concluída com sucesso para o arquivo: data/treatment\yahoo_finance_ZS=F.csv
2024-10-11 13:38:06,888 - INFO - Validando arquivo tratado: data/treatment\yahoo_finance_ZW=F.csv
2024-10-11 13:38:06,921 - INFO - Arquivo CSV carregado com sucesso.
2024-10-11 13:38:06,942 - INFO - Validação concluída com sucesso para o arquivo: data/treatment\yahoo_finance_ZW=F.csv
2024-10-11 13:38:06,942 - INFO - Validando arquivo tratado: data/treatment\yahoo_finance_^BVSP.csv
2024-10-11 13:38:06,984 - INFO - Arquivo CSV carregado com sucesso.
2024-10-11 13:38:07,052 - INFO - Validação concluída com sucesso para o arquivo: data/treatment\yahoo_finance_^BVSP.csv
2024-10-11 13:38:07,057 - INFO - Validando arquivo tratado: data/treatment\yahoo_finance_^GSPC.csv
2024-10-11 13:38:07,109 - INFO - Arquivo CSV carregado com sucesso.
2024-10-11 13:38:07,122 - INFO - Validação concluída com sucesso para o arquivo: data/treatment\yahoo_finance_^GSPC.csv
2024-10-11 13:38:07,123 - INFO - Validando arquivo tratado: data/treatment\yahoo_finance_^TNX.csv
2024-10-11 13:38:07,164 - INFO - Arquivo CSV carregado com sucesso.
2024-10-11 13:38:07,175 - INFO - Validação concluída com sucesso para o arquivo: data/treatment\yahoo_finance_^TNX.csv
2024-10-11 13:38:07,178 - INFO - Validação concluída para todos os arquivos tratados.
2024-10-11 13:38:07,178 - INFO - Aplicacao rodou com Sucesso.
