2024-10-20 00:19:38,484 - INFO - Logging configurado para: data_processing.
2024-10-20 00:19:38,485 - INFO - Comecando Aplicacao ...
2024-10-20 00:19:38,485 - INFO - Iniciando o processo de tratamento de arquivos...
2024-10-20 00:19:38,485 - INFO - Processando arquivo: data/extraction/yahoo_finance_CPI.csv
2024-10-20 00:19:38,485 - INFO - Processando arquivo Yahoo Finance: data/extraction/yahoo_finance_CPI.csv
2024-10-20 00:19:38,556 - INFO - Arquivo Yahoo Finance tratado salvo com sucesso: data/treatment/yahoo_finance_CPI.csv
2024-10-20 00:19:38,556 - INFO - Processando arquivo: data/extraction/bcb_data_unemployment_bcb.csv
2024-10-20 00:19:38,556 - INFO - Processando arquivo BCB: data/extraction/bcb_data_unemployment_bcb.csv
2024-10-20 00:19:38,614 - INFO - Arquivo BCB tratado salvo com sucesso: data/treatment/bcb_data_unemployment_bcb.csv
2024-10-20 00:19:38,615 - INFO - Processando arquivo: data/extraction/yahoo_finance_^BVSP.csv
2024-10-20 00:19:38,615 - INFO - Processando arquivo Yahoo Finance: data/extraction/yahoo_finance_^BVSP.csv
2024-10-20 00:19:38,760 - INFO - Arquivo Yahoo Finance tratado salvo com sucesso: data/treatment/yahoo_finance_^BVSP.csv
2024-10-20 00:19:38,763 - INFO - Processando arquivo: data/extraction/bcb_data_commodities_bcb_metal_em_real.csv
2024-10-20 00:19:38,763 - INFO - Processando arquivo BCB: data/extraction/bcb_data_commodities_bcb_metal_em_real.csv
2024-10-20 00:19:38,888 - INFO - Arquivo BCB tratado salvo com sucesso: data/treatment/bcb_data_commodities_bcb_metal_em_real.csv
2024-10-20 00:19:38,889 - INFO - Processando arquivo: data/extraction/bcb_data_commodities_bcb_energia_em_real.csv
2024-10-20 00:19:38,889 - INFO - Processando arquivo BCB: data/extraction/bcb_data_commodities_bcb_energia_em_real.csv
2024-10-20 00:19:39,034 - INFO - Arquivo BCB tratado salvo com sucesso: data/treatment/bcb_data_commodities_bcb_energia_em_real.csv
2024-10-20 00:19:39,034 - INFO - Processando arquivo: data/extraction/yahoo_finance_ZW=F.csv
2024-10-20 00:19:39,035 - INFO - Processando arquivo Yahoo Finance: data/extraction/yahoo_finance_ZW=F.csv
2024-10-20 00:19:39,111 - INFO - Arquivo Yahoo Finance tratado salvo com sucesso: data/treatment/yahoo_finance_ZW=F.csv
2024-10-20 00:19:39,112 - INFO - Processando arquivo: data/extraction/bcb_data_core_cpi_bcb.csv
2024-10-20 00:19:39,112 - INFO - Processando arquivo BCB: data/extraction/bcb_data_core_cpi_bcb.csv
2024-10-20 00:19:39,198 - INFO - Arquivo BCB tratado salvo com sucesso: data/treatment/bcb_data_core_cpi_bcb.csv
2024-10-20 00:19:39,198 - INFO - Processando arquivo: data/extraction/yahoo_finance_KC=F.csv
2024-10-20 00:19:39,198 - INFO - Processando arquivo Yahoo Finance: data/extraction/yahoo_finance_KC=F.csv
2024-10-20 00:19:39,269 - INFO - Arquivo Yahoo Finance tratado salvo com sucesso: data/treatment/yahoo_finance_KC=F.csv
2024-10-20 00:19:39,270 - INFO - Processando arquivo: data/extraction/yahoo_finance_ZC=F.csv
2024-10-20 00:19:39,270 - INFO - Processando arquivo Yahoo Finance: data/extraction/yahoo_finance_ZC=F.csv
2024-10-20 00:19:39,342 - INFO - Arquivo Yahoo Finance tratado salvo com sucesso: data/treatment/yahoo_finance_ZC=F.csv
2024-10-20 00:19:39,343 - INFO - Processando arquivo: data/extraction/yahoo_finance_GC=F.csv
2024-10-20 00:19:39,343 - INFO - Processando arquivo Yahoo Finance: data/extraction/yahoo_finance_GC=F.csv
2024-10-20 00:19:39,422 - INFO - Arquivo Yahoo Finance tratado salvo com sucesso: data/treatment/yahoo_finance_GC=F.csv
2024-10-20 00:19:39,422 - INFO - Processando arquivo: data/extraction/bcb_data_commodities_bcb_agropecuaria_em_real.csv
2024-10-20 00:19:39,423 - INFO - Processando arquivo BCB: data/extraction/bcb_data_commodities_bcb_agropecuaria_em_real.csv
2024-10-20 00:19:39,530 - INFO - Arquivo BCB tratado salvo com sucesso: data/treatment/bcb_data_commodities_bcb_agropecuaria_em_real.csv
2024-10-20 00:19:39,530 - INFO - Processando arquivo: data/extraction/yahoo_finance_^GSPC.csv
2024-10-20 00:19:39,531 - INFO - Processando arquivo Yahoo Finance: data/extraction/yahoo_finance_^GSPC.csv
2024-10-20 00:19:39,634 - INFO - Arquivo Yahoo Finance tratado salvo com sucesso: data/treatment/yahoo_finance_^GSPC.csv
2024-10-20 00:19:39,635 - INFO - Processando arquivo: data/extraction/yahoo_finance_BRL=X.csv
2024-10-20 00:19:39,635 - INFO - Processando arquivo Yahoo Finance: data/extraction/yahoo_finance_BRL=X.csv
2024-10-20 00:19:39,715 - INFO - Arquivo Yahoo Finance tratado salvo com sucesso: data/treatment/yahoo_finance_BRL=X.csv
2024-10-20 00:19:39,715 - INFO - Processando arquivo: data/extraction/yahoo_finance_^TNX.csv
2024-10-20 00:19:39,715 - INFO - Processando arquivo Yahoo Finance: data/extraction/yahoo_finance_^TNX.csv
2024-10-20 00:19:39,793 - INFO - Arquivo Yahoo Finance tratado salvo com sucesso: data/treatment/yahoo_finance_^TNX.csv
2024-10-20 00:19:39,794 - INFO - Processando arquivo: data/extraction/yahoo_finance_HG=F.csv
2024-10-20 00:19:39,794 - INFO - Processando arquivo Yahoo Finance: data/extraction/yahoo_finance_HG=F.csv
2024-10-20 00:19:39,859 - INFO - Arquivo Yahoo Finance tratado salvo com sucesso: data/treatment/yahoo_finance_HG=F.csv
2024-10-20 00:19:39,859 - INFO - Processando arquivo: data/extraction/ipeadata_pib_series.csv
2024-10-20 00:19:39,860 - INFO - Processando arquivo Ipeadata: data/extraction/ipeadata_pib_series.csv
2024-10-20 00:19:39,861 - INFO - Arquivo CSV carregado com sucesso: data/extraction/ipeadata_pib_series.csv
2024-10-20 00:19:39,981 - INFO - Arquivo tratado salvo com sucesso: data/treatment/ipeadata_pib_series.csv
2024-10-20 00:19:39,982 - INFO - Processando arquivo: data/extraction/yahoo_finance_ZS=F.csv
2024-10-20 00:19:39,982 - INFO - Processando arquivo Yahoo Finance: data/extraction/yahoo_finance_ZS=F.csv
2024-10-20 00:19:40,036 - INFO - Arquivo Yahoo Finance tratado salvo com sucesso: data/treatment/yahoo_finance_ZS=F.csv
2024-10-20 00:19:40,037 - INFO - Processando arquivo: data/extraction/bcb_data_fx_sell_bcb.csv
2024-10-20 00:19:40,037 - INFO - Processando arquivo BCB: data/extraction/bcb_data_fx_sell_bcb.csv
2024-10-20 00:19:40,122 - INFO - Arquivo BCB tratado salvo com sucesso: data/treatment/bcb_data_fx_sell_bcb.csv
2024-10-20 00:19:40,123 - INFO - Processando arquivo: data/extraction/yahoo_finance_NG=F.csv
2024-10-20 00:19:40,123 - INFO - Processando arquivo Yahoo Finance: data/extraction/yahoo_finance_NG=F.csv
2024-10-20 00:19:40,186 - INFO - Arquivo Yahoo Finance tratado salvo com sucesso: data/treatment/yahoo_finance_NG=F.csv
2024-10-20 00:19:40,186 - INFO - Processando arquivo: data/extraction/bcb_data_fx_buy_bcb.csv
2024-10-20 00:19:40,186 - INFO - Processando arquivo BCB: data/extraction/bcb_data_fx_buy_bcb.csv
2024-10-20 00:19:40,279 - INFO - Arquivo BCB tratado salvo com sucesso: data/treatment/bcb_data_fx_buy_bcb.csv
2024-10-20 00:19:40,280 - INFO - Processando arquivo: data/extraction/yahoo_finance_CL=F.csv
2024-10-20 00:19:40,280 - INFO - Processando arquivo Yahoo Finance: data/extraction/yahoo_finance_CL=F.csv
2024-10-20 00:19:40,344 - INFO - Arquivo Yahoo Finance tratado salvo com sucesso: data/treatment/yahoo_finance_CL=F.csv
2024-10-20 00:19:40,344 - INFO - Processando arquivo: data/extraction/bcb_data_ipca_bcb.csv
2024-10-20 00:19:40,345 - INFO - Processando arquivo BCB: data/extraction/bcb_data_ipca_bcb.csv
2024-10-20 00:19:40,442 - INFO - Arquivo BCB tratado salvo com sucesso: data/treatment/bcb_data_ipca_bcb.csv
2024-10-20 00:19:40,443 - INFO - Processando arquivo: data/extraction/bcb_data_gdp_bcb.csv
2024-10-20 00:19:40,443 - INFO - Processando arquivo BCB: data/extraction/bcb_data_gdp_bcb.csv
2024-10-20 00:19:40,580 - INFO - Arquivo BCB tratado salvo com sucesso: data/treatment/bcb_data_gdp_bcb.csv
2024-10-20 00:19:40,582 - INFO - Processando arquivo: data/extraction/bcb_data_cambio_bcb.csv
2024-10-20 00:19:40,582 - INFO - Processando arquivo BCB: data/extraction/bcb_data_cambio_bcb.csv
2024-10-20 00:19:40,655 - INFO - Arquivo BCB tratado salvo com sucesso: data/treatment/bcb_data_cambio_bcb.csv
2024-10-20 00:19:40,656 - INFO - Processando arquivo: data/extraction/bcb_data_commodities_bcb_composto_em_real.csv
2024-10-20 00:19:40,656 - INFO - Processando arquivo BCB: data/extraction/bcb_data_commodities_bcb_composto_em_real.csv
2024-10-20 00:19:40,752 - INFO - Arquivo BCB tratado salvo com sucesso: data/treatment/bcb_data_commodities_bcb_composto_em_real.csv
2024-10-20 00:19:40,753 - INFO - Processando arquivo: data/extraction/bcb_data_selic_bcb.csv
2024-10-20 00:19:40,753 - INFO - Processando arquivo BCB: data/extraction/bcb_data_selic_bcb.csv
2024-10-20 00:19:40,837 - INFO - Arquivo BCB tratado salvo com sucesso: data/treatment/bcb_data_selic_bcb.csv
2024-10-20 00:19:40,837 - INFO - Processo de tratamento de arquivos concluído.
2024-10-20 00:19:40,838 - INFO - Iniciando a validação de todos os arquivos tratados...
2024-10-20 00:19:40,838 - INFO - Validando arquivo tratado: data/treatment/yahoo_finance_CPI.csv
2024-10-20 00:19:40,846 - INFO - Arquivo CSV carregado com sucesso.
2024-10-20 00:19:40,857 - INFO - Validação concluída com sucesso para o arquivo: data/treatment/yahoo_finance_CPI.csv
2024-10-20 00:19:40,858 - INFO - Validando arquivo tratado: data/treatment/bcb_data_unemployment_bcb.csv
2024-10-20 00:19:40,869 - INFO - Arquivo CSV carregado com sucesso.
2024-10-20 00:19:40,878 - INFO - Validação concluída com sucesso para o arquivo: data/treatment/bcb_data_unemployment_bcb.csv
2024-10-20 00:19:40,879 - INFO - Validando arquivo tratado: data/treatment/yahoo_finance_^BVSP.csv
2024-10-20 00:19:40,891 - INFO - Arquivo CSV carregado com sucesso.
2024-10-20 00:19:40,905 - INFO - Validação concluída com sucesso para o arquivo: data/treatment/yahoo_finance_^BVSP.csv
2024-10-20 00:19:40,906 - INFO - Validando arquivo tratado: data/treatment/bcb_data_commodities_bcb_metal_em_real.csv
2024-10-20 00:19:40,920 - INFO - Arquivo CSV carregado com sucesso.
2024-10-20 00:19:40,934 - INFO - Validação concluída com sucesso para o arquivo: data/treatment/bcb_data_commodities_bcb_metal_em_real.csv
2024-10-20 00:19:40,935 - INFO - Validando arquivo tratado: data/treatment/bcb_data_commodities_bcb_energia_em_real.csv
2024-10-20 00:19:40,956 - INFO - Arquivo CSV carregado com sucesso.
2024-10-20 00:19:40,970 - INFO - Validação concluída com sucesso para o arquivo: data/treatment/bcb_data_commodities_bcb_energia_em_real.csv
2024-10-20 00:19:40,970 - INFO - Validando arquivo tratado: data/treatment/yahoo_finance_ZW=F.csv
2024-10-20 00:19:40,982 - INFO - Arquivo CSV carregado com sucesso.
2024-10-20 00:19:40,996 - INFO - Validação concluída com sucesso para o arquivo: data/treatment/yahoo_finance_ZW=F.csv
2024-10-20 00:19:40,997 - INFO - Validando arquivo tratado: data/treatment/bcb_data_core_cpi_bcb.csv
2024-10-20 00:19:41,012 - INFO - Arquivo CSV carregado com sucesso.
2024-10-20 00:19:41,028 - INFO - Validação concluída com sucesso para o arquivo: data/treatment/bcb_data_core_cpi_bcb.csv
2024-10-20 00:19:41,029 - INFO - Validando arquivo tratado: data/treatment/yahoo_finance_KC=F.csv
2024-10-20 00:19:41,040 - INFO - Arquivo CSV carregado com sucesso.
2024-10-20 00:19:41,053 - INFO - Validação concluída com sucesso para o arquivo: data/treatment/yahoo_finance_KC=F.csv
2024-10-20 00:19:41,053 - INFO - Validando arquivo tratado: data/treatment/yahoo_finance_ZC=F.csv
2024-10-20 00:19:41,064 - INFO - Arquivo CSV carregado com sucesso.
2024-10-20 00:19:41,078 - INFO - Validação concluída com sucesso para o arquivo: data/treatment/yahoo_finance_ZC=F.csv
2024-10-20 00:19:41,079 - INFO - Validando arquivo tratado: data/treatment/yahoo_finance_GC=F.csv
2024-10-20 00:19:41,092 - INFO - Arquivo CSV carregado com sucesso.
2024-10-20 00:19:41,102 - INFO - Validação concluída com sucesso para o arquivo: data/treatment/yahoo_finance_GC=F.csv
2024-10-20 00:19:41,103 - INFO - Validando arquivo tratado: data/treatment/bcb_data_commodities_bcb_agropecuaria_em_real.csv
2024-10-20 00:19:41,117 - INFO - Arquivo CSV carregado com sucesso.
2024-10-20 00:19:41,129 - INFO - Validação concluída com sucesso para o arquivo: data/treatment/bcb_data_commodities_bcb_agropecuaria_em_real.csv
2024-10-20 00:19:41,130 - INFO - Validando arquivo tratado: data/treatment/yahoo_finance_^GSPC.csv
2024-10-20 00:19:41,142 - INFO - Arquivo CSV carregado com sucesso.
2024-10-20 00:19:41,153 - INFO - Validação concluída com sucesso para o arquivo: data/treatment/yahoo_finance_^GSPC.csv
2024-10-20 00:19:41,154 - INFO - Validando arquivo tratado: data/treatment/yahoo_finance_BRL=X.csv
2024-10-20 00:19:41,164 - INFO - Arquivo CSV carregado com sucesso.
2024-10-20 00:19:41,175 - INFO - Validação concluída com sucesso para o arquivo: data/treatment/yahoo_finance_BRL=X.csv
2024-10-20 00:19:41,175 - INFO - Validando arquivo tratado: data/treatment/yahoo_finance_^TNX.csv
2024-10-20 00:19:41,186 - INFO - Arquivo CSV carregado com sucesso.
2024-10-20 00:19:41,197 - INFO - Validação concluída com sucesso para o arquivo: data/treatment/yahoo_finance_^TNX.csv
2024-10-20 00:19:41,198 - INFO - Validando arquivo tratado: data/treatment/yahoo_finance_HG=F.csv
2024-10-20 00:19:41,210 - INFO - Arquivo CSV carregado com sucesso.
2024-10-20 00:19:41,220 - INFO - Validação concluída com sucesso para o arquivo: data/treatment/yahoo_finance_HG=F.csv
2024-10-20 00:19:41,221 - INFO - Validando arquivo tratado: data/treatment/ipeadata_pib_series.csv
2024-10-20 00:19:41,233 - INFO - Arquivo CSV carregado com sucesso.
2024-10-20 00:19:41,247 - INFO - Validação concluída com sucesso para o arquivo: data/treatment/ipeadata_pib_series.csv
2024-10-20 00:19:41,247 - INFO - Validando arquivo tratado: data/treatment/yahoo_finance_ZS=F.csv
2024-10-20 00:19:41,259 - INFO - Arquivo CSV carregado com sucesso.
2024-10-20 00:19:41,268 - INFO - Validação concluída com sucesso para o arquivo: data/treatment/yahoo_finance_ZS=F.csv
2024-10-20 00:19:41,269 - INFO - Validando arquivo tratado: data/treatment/bcb_data_fx_sell_bcb.csv
2024-10-20 00:19:41,285 - INFO - Arquivo CSV carregado com sucesso.
2024-10-20 00:19:41,300 - INFO - Validação concluída com sucesso para o arquivo: data/treatment/bcb_data_fx_sell_bcb.csv
2024-10-20 00:19:41,300 - INFO - Validando arquivo tratado: data/treatment/yahoo_finance_NG=F.csv
2024-10-20 00:19:41,312 - INFO - Arquivo CSV carregado com sucesso.
2024-10-20 00:19:41,321 - INFO - Validação concluída com sucesso para o arquivo: data/treatment/yahoo_finance_NG=F.csv
2024-10-20 00:19:41,322 - INFO - Validando arquivo tratado: data/treatment/bcb_data_fx_buy_bcb.csv
2024-10-20 00:19:41,341 - INFO - Arquivo CSV carregado com sucesso.
2024-10-20 00:19:41,354 - INFO - Validação concluída com sucesso para o arquivo: data/treatment/bcb_data_fx_buy_bcb.csv
2024-10-20 00:19:41,355 - INFO - Validando arquivo tratado: data/treatment/yahoo_finance_CL=F.csv
2024-10-20 00:19:41,366 - INFO - Arquivo CSV carregado com sucesso.
2024-10-20 00:19:41,378 - INFO - Validação concluída com sucesso para o arquivo: data/treatment/yahoo_finance_CL=F.csv
2024-10-20 00:19:41,378 - INFO - Validando arquivo tratado: data/treatment/bcb_data_ipca_bcb.csv
2024-10-20 00:19:41,397 - INFO - Arquivo CSV carregado com sucesso.
2024-10-20 00:19:41,413 - INFO - Validação concluída com sucesso para o arquivo: data/treatment/bcb_data_ipca_bcb.csv
2024-10-20 00:19:41,413 - INFO - Validando arquivo tratado: data/treatment/bcb_data_gdp_bcb.csv
2024-10-20 00:19:41,437 - INFO - Arquivo CSV carregado com sucesso.
2024-10-20 00:19:41,456 - INFO - Validação concluída com sucesso para o arquivo: data/treatment/bcb_data_gdp_bcb.csv
2024-10-20 00:19:41,457 - INFO - Validando arquivo tratado: data/treatment/bcb_data_cambio_bcb.csv
2024-10-20 00:19:41,469 - INFO - Arquivo CSV carregado com sucesso.
2024-10-20 00:19:41,480 - INFO - Validação concluída com sucesso para o arquivo: data/treatment/bcb_data_cambio_bcb.csv
2024-10-20 00:19:41,481 - INFO - Validando arquivo tratado: data/treatment/bcb_data_commodities_bcb_composto_em_real.csv
2024-10-20 00:19:41,499 - INFO - Arquivo CSV carregado com sucesso.
2024-10-20 00:19:41,512 - INFO - Validação concluída com sucesso para o arquivo: data/treatment/bcb_data_commodities_bcb_composto_em_real.csv
2024-10-20 00:19:41,513 - INFO - Validando arquivo tratado: data/treatment/bcb_data_selic_bcb.csv
2024-10-20 00:19:41,526 - INFO - Arquivo CSV carregado com sucesso.
2024-10-20 00:19:41,536 - INFO - Validação concluída com sucesso para o arquivo: data/treatment/bcb_data_selic_bcb.csv
2024-10-20 00:19:41,537 - INFO - Validação concluída para todos os arquivos tratados.
2024-10-20 00:19:41,537 - INFO - Iniciando analise exploratoria de dados
2024-10-20 00:19:41,621 - ERROR - Erro durante eda: "['valor_ipca', 'valor_pib'] not in index"
2024-10-20 00:19:41,622 - INFO - Aplicacao rodou com Sucesso.
